<?xml version="1.0" encoding="UTF-8" ?>
<testsuites>
  <testsuite errors="0" failures="3" hostname="KR-Qureshi-WPC" id="0" name="CustomerControllerSpec" package="seoss" tests="7" time="6.942" timestamp="2014-03-04T12:04:21">
      <properties />

      <testcase classname="seoss.CustomerControllerSpec" name="Test the index action returns the correct model" time="4.491" />

      <testcase classname="seoss.CustomerControllerSpec" name="Test the create action returns the correct model" time="0.394" />

      <testcase classname="seoss.CustomerControllerSpec" name="Test the save action correctly persists an instance" time="0.453">
          <failure message="Condition not satisfied:&#xa;&#xa;response.redirectedUrl == &apos;/customer/show/1&apos;&#xa;|        |             |&#xa;|        null          false&#xa;org.codehaus.groovy.grails.plugins.testing.GrailsMockHttpServletResponse@2fe930a&#xa;" type="junit.framework.AssertionFailedError">junit.framework.AssertionFailedError: Condition not satisfied:

response.redirectedUrl == &apos;/customer/show/1&apos;
|        |             |
|        null          false
org.codehaus.groovy.grails.plugins.testing.GrailsMockHttpServletResponse@2fe930a

	at seoss.CustomerControllerSpec.Test the save action correctly persists an instance(CustomerControllerSpec.groovy:55)
</failure>

      </testcase>

      <testcase classname="seoss.CustomerControllerSpec" name="Test that the show action returns the correct model" time="0.146" />

      <testcase classname="seoss.CustomerControllerSpec" name="Test that the edit action returns the correct model" time="0.141" />

      <testcase classname="seoss.CustomerControllerSpec" name="Test the update action performs an update on a valid domain instance" time="0.145">
          <failure message="Condition not satisfied:&#xa;&#xa;response.redirectedUrl == &apos;/customer/index&apos;&#xa;|        |             |&#xa;|        null          false&#xa;org.codehaus.groovy.grails.plugins.testing.GrailsMockHttpServletResponse@50b2ca47&#xa;" type="junit.framework.AssertionFailedError">junit.framework.AssertionFailedError: Condition not satisfied:

response.redirectedUrl == &apos;/customer/index&apos;
|        |             |
|        null          false
org.codehaus.groovy.grails.plugins.testing.GrailsMockHttpServletResponse@50b2ca47

	at seoss.CustomerControllerSpec.Test the update action performs an update on a valid domain instance(CustomerControllerSpec.groovy:97)
</failure>

      </testcase>

      <testcase classname="seoss.CustomerControllerSpec" name="Test that the delete action deletes an instance if it exists" time="0.107">
          <failure message="Condition not satisfied:&#xa;&#xa;response.redirectedUrl == &apos;/customer/index&apos;&#xa;|        |             |&#xa;|        null          false&#xa;org.codehaus.groovy.grails.plugins.testing.GrailsMockHttpServletResponse@79f03746&#xa;" type="junit.framework.AssertionFailedError">junit.framework.AssertionFailedError: Condition not satisfied:

response.redirectedUrl == &apos;/customer/index&apos;
|        |             |
|        null          false
org.codehaus.groovy.grails.plugins.testing.GrailsMockHttpServletResponse@79f03746

	at seoss.CustomerControllerSpec.Test that the delete action deletes an instance if it exists(CustomerControllerSpec.groovy:127)
</failure>

      </testcase>

      <system-out><![CDATA[--Output from Test the index action returns the correct model--
--Output from Test the create action returns the correct model--
--Output from Test the save action correctly persists an instance--
--Output from Test that the show action returns the correct model--
--Output from Test that the edit action returns the correct model--
--Output from Test the update action performs an update on a valid domain instance--
--Output from Test that the delete action deletes an instance if it exists--
]]></system-out>

      <system-err><![CDATA[]]></system-err>

  </testsuite>
  <testsuite errors="0" failures="3" hostname="KR-Qureshi-WPC" id="1" name="CustomerTransactionControllerSpec" package="seoss" tests="7" time="1.302" timestamp="2014-03-04T12:04:28">
      <properties />

      <testcase classname="seoss.CustomerTransactionControllerSpec" name="Test the index action returns the correct model" time="0.46" />

      <testcase classname="seoss.CustomerTransactionControllerSpec" name="Test the create action returns the correct model" time="0.089" />

      <testcase classname="seoss.CustomerTransactionControllerSpec" name="Test the save action correctly persists an instance" time="0.168">
          <failure message="Condition not satisfied:&#xa;&#xa;response.redirectedUrl == &apos;/customerTransaction/show/1&apos;&#xa;|        |             |&#xa;|        null          false&#xa;org.codehaus.groovy.grails.plugins.testing.GrailsMockHttpServletResponse@4ebc923c&#xa;" type="junit.framework.AssertionFailedError">junit.framework.AssertionFailedError: Condition not satisfied:

response.redirectedUrl == &apos;/customerTransaction/show/1&apos;
|        |             |
|        null          false
org.codehaus.groovy.grails.plugins.testing.GrailsMockHttpServletResponse@4ebc923c

	at seoss.CustomerTransactionControllerSpec.Test the save action correctly persists an instance(CustomerTransactionControllerSpec.groovy:55)
</failure>

      </testcase>

      <testcase classname="seoss.CustomerTransactionControllerSpec" name="Test that the show action returns the correct model" time="0.098" />

      <testcase classname="seoss.CustomerTransactionControllerSpec" name="Test that the edit action returns the correct model" time="0.084" />

      <testcase classname="seoss.CustomerTransactionControllerSpec" name="Test the update action performs an update on a valid domain instance" time="0.103">
          <failure message="Condition not satisfied:&#xa;&#xa;response.redirectedUrl == &apos;/customerTransaction/index&apos;&#xa;|        |             |&#xa;|        null          false&#xa;org.codehaus.groovy.grails.plugins.testing.GrailsMockHttpServletResponse@17ca298f&#xa;" type="junit.framework.AssertionFailedError">junit.framework.AssertionFailedError: Condition not satisfied:

response.redirectedUrl == &apos;/customerTransaction/index&apos;
|        |             |
|        null          false
org.codehaus.groovy.grails.plugins.testing.GrailsMockHttpServletResponse@17ca298f

	at seoss.CustomerTransactionControllerSpec.Test the update action performs an update on a valid domain instance(CustomerTransactionControllerSpec.groovy:97)
</failure>

      </testcase>

      <testcase classname="seoss.CustomerTransactionControllerSpec" name="Test that the delete action deletes an instance if it exists" time="0.103">
          <failure message="Condition not satisfied:&#xa;&#xa;response.redirectedUrl == &apos;/customerTransaction/index&apos;&#xa;|        |             |&#xa;|        null          false&#xa;org.codehaus.groovy.grails.plugins.testing.GrailsMockHttpServletResponse@5c37fe7e&#xa;" type="junit.framework.AssertionFailedError">junit.framework.AssertionFailedError: Condition not satisfied:

response.redirectedUrl == &apos;/customerTransaction/index&apos;
|        |             |
|        null          false
org.codehaus.groovy.grails.plugins.testing.GrailsMockHttpServletResponse@5c37fe7e

	at seoss.CustomerTransactionControllerSpec.Test that the delete action deletes an instance if it exists(CustomerTransactionControllerSpec.groovy:127)
</failure>

      </testcase>

      <system-out><![CDATA[--Output from Test the index action returns the correct model--
--Output from Test the create action returns the correct model--
--Output from Test the save action correctly persists an instance--
--Output from Test that the show action returns the correct model--
--Output from Test that the edit action returns the correct model--
--Output from Test the update action performs an update on a valid domain instance--
--Output from Test that the delete action deletes an instance if it exists--
]]></system-out>

      <system-err><![CDATA[]]></system-err>

  </testsuite>
</testsuites>
